<?xml version="1.0" encoding="UTF-8"?>
<!-- Generated by org.testng.reporters.JUnitXMLReporter -->
<testsuite ignored="7" hostname="DESKTOP-33SJV2T" failures="0" tests="1" name="Default test" time="65.099" errors="0" timestamp="2022-12-28T15:44:12 IST">
  <testcase classname="testCase.Login_TC" name="ConsultationsTest" time="42.656"/>
  <testcase classname="testCase.Login_TC" name="loginTest" time="0.0">
    <ignored/>
  </testcase> <!-- loginTest -->
  <testcase classname="testCase.Login_TC" name="ReportsTest" time="0.0">
    <ignored/>
  </testcase> <!-- ReportsTest -->
  <testcase classname="testCase.Login_TC" name="ProfileTest" time="0.0">
    <ignored/>
  </testcase> <!-- ProfileTest -->
  <testcase classname="testCase.Login_TC" name="WorkingHoursTest" time="0.0">
    <ignored/>
  </testcase> <!-- WorkingHoursTest -->
  <testcase classname="testCase.Login_TC" name="MedicationsTest" time="0.0">
    <ignored/>
  </testcase> <!-- MedicationsTest -->
  <testcase classname="testCase.Login_TC" name="AppointmentTest" time="0.0">
    <ignored/>
  </testcase> <!-- AppointmentTest -->
  <testcase classname="testCase.Login_TC" name="uploadPrescriptionTest" time="0.0">
    <ignored/>
  </testcase> <!-- uploadPrescriptionTest -->
</testsuite> <!-- Default test -->
